This is pdfTeX, Version 3.141592653-2.6-1.40.22 (TeX Live 2021 Gentoo Linux) (preloaded format=pdflatex 2021.8.14)  6 NOV 2021 18:51
entering extended mode
 restricted \write18 enabled.
 %&-line parsing enabled.
**main.tex
(./main.tex
LaTeX2e <2020-10-01> patch level 4
L3 programming layer <2021-02-18>
(/opt/gentoo/usr/share/texmf-dist/tex/latex/base/article.cls
Document Class: article 2020/04/10 v1.4m Standard LaTeX document class
(/opt/gentoo/usr/share/texmf-dist/tex/latex/base/size10.clo
File: size10.clo 2020/04/10 v1.4m Standard LaTeX file (size option)
)
\c@part=\count179
\c@section=\count180
\c@subsection=\count181
\c@subsubsection=\count182
\c@paragraph=\count183
\c@subparagraph=\count184
\c@figure=\count185
\c@table=\count186
\abovecaptionskip=\skip47
\belowcaptionskip=\skip48
\bibindent=\dimen138
)
(/opt/gentoo/usr/share/texmf-dist/tex/latex/float/float.sty
Package: float 2001/11/08 v1.3d Float enhancements (AL)
\c@float@type=\count187
\float@exts=\toks15
\float@box=\box47
\@float@everytoks=\toks16
\@floatcapt=\box48
)
(/opt/gentoo/usr/share/texmf-dist/tex/latex/tools/verbatim.sty
Package: verbatim 2020-07-07 v1.5u LaTeX2e package for verbatim enhancements
\every@verbatim=\toks17
\verbatim@line=\toks18
\verbatim@in@stream=\read2
)
(/opt/gentoo/usr/share/texmf-dist/tex/latex/amsmath/amsmath.sty
Package: amsmath 2020/09/23 v2.17i AMS math features
\@mathmargin=\skip49

For additional information on amsmath, use the `?' option.
(/opt/gentoo/usr/share/texmf-dist/tex/latex/amsmath/amstext.sty
Package: amstext 2000/06/29 v2.01 AMS text

(/opt/gentoo/usr/share/texmf-dist/tex/latex/amsmath/amsgen.sty
File: amsgen.sty 1999/11/30 v2.0 generic functions
\@emptytoks=\toks19
\ex@=\dimen139
))
(/opt/gentoo/usr/share/texmf-dist/tex/latex/amsmath/amsbsy.sty
Package: amsbsy 1999/11/29 v1.2d Bold Symbols
\pmbraise@=\dimen140
)
(/opt/gentoo/usr/share/texmf-dist/tex/latex/amsmath/amsopn.sty
Package: amsopn 2016/03/08 v2.02 operator names
)
\inf@bad=\count188
LaTeX Info: Redefining \frac on input line 234.
\uproot@=\count189
\leftroot@=\count190
LaTeX Info: Redefining \overline on input line 399.
\classnum@=\count191
\DOTSCASE@=\count192
LaTeX Info: Redefining \ldots on input line 496.
LaTeX Info: Redefining \dots on input line 499.
LaTeX Info: Redefining \cdots on input line 620.
\Mathstrutbox@=\box49
\strutbox@=\box50
\big@size=\dimen141
LaTeX Font Info:    Redeclaring font encoding OML on input line 743.
LaTeX Font Info:    Redeclaring font encoding OMS on input line 744.
\macc@depth=\count193
\c@MaxMatrixCols=\count194
\dotsspace@=\muskip16
\c@parentequation=\count195
\dspbrk@lvl=\count196
\tag@help=\toks20
\row@=\count197
\column@=\count198
\maxfields@=\count199
\andhelp@=\toks21
\eqnshift@=\dimen142
\alignsep@=\dimen143
\tagshift@=\dimen144
\tagwidth@=\dimen145
\totwidth@=\dimen146
\lineht@=\dimen147
\@envbody=\toks22
\multlinegap=\skip50
\multlinetaggap=\skip51
\mathdisplay@stack=\toks23
LaTeX Info: Redefining \[ on input line 2923.
LaTeX Info: Redefining \] on input line 2924.
)
(/opt/gentoo/usr/share/texmf-dist/tex/latex/listings/listings.sty
(/opt/gentoo/usr/share/texmf-dist/tex/latex/graphics/keyval.sty
Package: keyval 2014/10/28 v1.15 key=value parser (DPC)
\KV@toks@=\toks24
)
\lst@mode=\count266
\lst@gtempboxa=\box51
\lst@token=\toks25
\lst@length=\count267
\lst@currlwidth=\dimen148
\lst@column=\count268
\lst@pos=\count269
\lst@lostspace=\dimen149
\lst@width=\dimen150
\lst@newlines=\count270
\lst@lineno=\count271
\lst@maxwidth=\dimen151

(/opt/gentoo/usr/share/texmf-dist/tex/latex/listings/lstmisc.sty
File: lstmisc.sty 2020/03/24 1.8d (Carsten Heinz)
\c@lstnumber=\count272
\lst@skipnumbers=\count273
\lst@framebox=\box52
)
(/opt/gentoo/usr/share/texmf-dist/tex/latex/listings/listings.cfg
File: listings.cfg 2020/03/24 1.8d listings configuration
))
Package: listings 2020/03/24 1.8d (Carsten Heinz)

(/opt/gentoo/usr/share/texmf-dist/tex/latex/tools/bm.sty
Package: bm 2019/07/24 v1.2d Bold Symbol Support (DPC/FMi)
\symboldoperators=\mathgroup4
\symboldletters=\mathgroup5
\symboldsymbols=\mathgroup6
LaTeX Font Info:    Redeclaring math alphabet \mathbf on input line 141.
LaTeX Info: Redefining \bm on input line 209.
)
(/opt/gentoo/usr/share/texmf-dist/tex/latex/graphics/graphicx.sty
Package: graphicx 2020/09/09 v1.2b Enhanced LaTeX Graphics (DPC,SPQR)

(/opt/gentoo/usr/share/texmf-dist/tex/latex/graphics/graphics.sty
Package: graphics 2020/08/30 v1.4c Standard LaTeX Graphics (DPC,SPQR)

(/opt/gentoo/usr/share/texmf-dist/tex/latex/graphics/trig.sty
Package: trig 2016/01/03 v1.10 sin cos tan (DPC)
)
(/opt/gentoo/usr/share/texmf-dist/tex/latex/graphics-cfg/graphics.cfg
File: graphics.cfg 2016/06/04 v1.11 sample graphics configuration
)
Package graphics Info: Driver file: pdftex.def on input line 105.

(/opt/gentoo/usr/share/texmf-dist/tex/latex/graphics-def/pdftex.def
File: pdftex.def 2020/10/05 v1.2a Graphics/color driver for pdftex
))
\Gin@req@height=\dimen152
\Gin@req@width=\dimen153
)
(/opt/gentoo/usr/share/texmf-dist/tex/latex/booktabs/booktabs.sty
Package: booktabs 2020/01/12 v1.61803398 Publication quality tables
\heavyrulewidth=\dimen154
\lightrulewidth=\dimen155
\cmidrulewidth=\dimen156
\belowrulesep=\dimen157
\belowbottomsep=\dimen158
\aboverulesep=\dimen159
\abovetopsep=\dimen160
\cmidrulesep=\dimen161
\cmidrulekern=\dimen162
\defaultaddspace=\dimen163
\@cmidla=\count274
\@cmidlb=\count275
\@aboverulesep=\dimen164
\@belowrulesep=\dimen165
\@thisruleclass=\count276
\@lastruleclass=\count277
\@thisrulewidth=\dimen166
)
(/opt/gentoo/usr/share/texmf-dist/tex/latex/graphics/color.sty
Package: color 2020/02/24 v1.2b Standard LaTeX Color (DPC)

(/opt/gentoo/usr/share/texmf-dist/tex/latex/graphics-cfg/color.cfg
File: color.cfg 2016/01/02 v1.6 sample color configuration
)
Package color Info: Driver file: pdftex.def on input line 147.
)
(/opt/gentoo/usr/share/texmf-dist/tex/latex/xcolor/xcolor.sty
Package: xcolor 2016/05/11 v2.12 LaTeX color extensions (UK)

(/opt/gentoo/usr/share/texmf-dist/tex/latex/graphics-cfg/color.cfg
File: color.cfg 2016/01/02 v1.6 sample color configuration
)
Package xcolor Info: Driver file: pdftex.def on input line 225.
LaTeX Info: Redefining \color on input line 709.
Package xcolor Info: Model `cmy' substituted by `cmy0' on input line 1348.
Package xcolor Info: Model `hsb' substituted by `rgb' on input line 1352.
Package xcolor Info: Model `RGB' extended on input line 1364.
Package xcolor Info: Model `HTML' substituted by `rgb' on input line 1366.
Package xcolor Info: Model `Hsb' substituted by `hsb' on input line 1367.
Package xcolor Info: Model `tHsb' substituted by `hsb' on input line 1368.
Package xcolor Info: Model `HSB' substituted by `hsb' on input line 1369.
Package xcolor Info: Model `Gray' substituted by `gray' on input line 1370.
Package xcolor Info: Model `wave' substituted by `hsb' on input line 1371.
)
(/opt/gentoo/usr/share/texmf-dist/tex/latex/tools/enumerate.sty
Package: enumerate 2015/07/23 v3.00 enumerate extensions (DPC)
\@enLab=\toks26
)
(/opt/gentoo/usr/share/texmf-dist/tex/latex/caption/caption.sty
Package: caption 2020/10/26 v3.5g Customizing captions (AR)

(/opt/gentoo/usr/share/texmf-dist/tex/latex/caption/caption3.sty
Package: caption3 2020/10/21 v2.2e caption3 kernel (AR)
\captionmargin=\dimen167
\captionmargin@=\dimen168
\captionwidth=\dimen169
\caption@tempdima=\dimen170
\caption@indent=\dimen171
\caption@parindent=\dimen172
\caption@hangindent=\dimen173
Package caption Info: Standard document class detected.
)
\c@caption@flags=\count278
\c@continuedfloat=\count279
Package caption Info: float package is loaded.
Package caption Info: listings package is loaded.
)
(/opt/gentoo/usr/share/texmf-dist/tex/latex/caption/subcaption.sty
Package: subcaption 2020/10/07 v1.3j Sub-captions (AR)
\c@subfigure=\count280
\c@subtable=\count281
)
(/opt/gentoo/usr/share/texmf-dist/tex/latex/amsfonts/amssymb.sty
Package: amssymb 2013/01/14 v3.01 AMS font symbols

(/opt/gentoo/usr/share/texmf-dist/tex/latex/amsfonts/amsfonts.sty
Package: amsfonts 2013/01/14 v3.01 Basic AMSFonts support
\symAMSa=\mathgroup7
\symAMSb=\mathgroup8
LaTeX Font Info:    Redeclaring math symbol \hbar on input line 98.
LaTeX Font Info:    Overwriting math alphabet `\mathfrak' in version `bold'
(Font)                  U/euf/m/n --> U/euf/b/n on input line 106.
))
(/opt/gentoo/usr/share/texmf-dist/tex/latex/hyperref/hyperref.sty
Package: hyperref 2021-02-27 v7.00k Hypertext links for LaTeX

(/opt/gentoo/usr/share/texmf-dist/tex/generic/ltxcmds/ltxcmds.sty
Package: ltxcmds 2020-05-10 v1.25 LaTeX kernel commands for general use (HO)
)
(/opt/gentoo/usr/share/texmf-dist/tex/generic/iftex/iftex.sty
Package: iftex 2020/03/06 v1.0d TeX engine tests
)
(/opt/gentoo/usr/share/texmf-dist/tex/generic/pdftexcmds/pdftexcmds.sty
Package: pdftexcmds 2020-06-27 v0.33 Utility functions of pdfTeX for LuaTeX (HO
)

(/opt/gentoo/usr/share/texmf-dist/tex/generic/infwarerr/infwarerr.sty
Package: infwarerr 2019/12/03 v1.5 Providing info/warning/error messages (HO)
)
Package pdftexcmds Info: \pdf@primitive is available.
Package pdftexcmds Info: \pdf@ifprimitive is available.
Package pdftexcmds Info: \pdfdraftmode found.
)
(/opt/gentoo/usr/share/texmf-dist/tex/generic/kvsetkeys/kvsetkeys.sty
Package: kvsetkeys 2019/12/15 v1.18 Key value parser (HO)
)
(/opt/gentoo/usr/share/texmf-dist/tex/generic/kvdefinekeys/kvdefinekeys.sty
Package: kvdefinekeys 2019-12-19 v1.6 Define keys (HO)
)
(/opt/gentoo/usr/share/texmf-dist/tex/generic/pdfescape/pdfescape.sty
Package: pdfescape 2019/12/09 v1.15 Implements pdfTeX's escape features (HO)
)
(/opt/gentoo/usr/share/texmf-dist/tex/latex/hycolor/hycolor.sty
Package: hycolor 2020-01-27 v1.10 Color options for hyperref/bookmark (HO)
)
(/opt/gentoo/usr/share/texmf-dist/tex/latex/letltxmacro/letltxmacro.sty
Package: letltxmacro 2019/12/03 v1.6 Let assignment for LaTeX macros (HO)
)
(/opt/gentoo/usr/share/texmf-dist/tex/latex/auxhook/auxhook.sty
Package: auxhook 2019-12-17 v1.6 Hooks for auxiliary files (HO)
)
(/opt/gentoo/usr/share/texmf-dist/tex/latex/kvoptions/kvoptions.sty
Package: kvoptions 2020-10-07 v3.14 Key value format for package options (HO)
)
\@linkdim=\dimen174
\Hy@linkcounter=\count282
\Hy@pagecounter=\count283

(/opt/gentoo/usr/share/texmf-dist/tex/latex/hyperref/pd1enc.def
File: pd1enc.def 2021-02-27 v7.00k Hyperref: PDFDocEncoding definition (HO)
Now handling font encoding PD1 ...
... no UTF-8 mapping file for font encoding PD1
)
(/opt/gentoo/usr/share/texmf-dist/tex/latex/hyperref/hyperref-langpatches.def
File: hyperref-langpatches.def 2021-02-27 v7.00k Hyperref: patches for babel la
nguages
)
(/opt/gentoo/usr/share/texmf-dist/tex/generic/intcalc/intcalc.sty
Package: intcalc 2019/12/15 v1.3 Expandable calculations with integers (HO)
)
(/opt/gentoo/usr/share/texmf-dist/tex/generic/etexcmds/etexcmds.sty
Package: etexcmds 2019/12/15 v1.7 Avoid name clashes with e-TeX commands (HO)
)
\Hy@SavedSpaceFactor=\count284

(/opt/gentoo/usr/share/texmf-dist/tex/latex/hyperref/puenc.def
File: puenc.def 2021-02-27 v7.00k Hyperref: PDF Unicode definition (HO)
Now handling font encoding PU ...
... no UTF-8 mapping file for font encoding PU
)
Package hyperref Info: Hyper figures OFF on input line 4192.
Package hyperref Info: Link nesting OFF on input line 4197.
Package hyperref Info: Hyper index ON on input line 4200.
Package hyperref Info: Plain pages OFF on input line 4207.
Package hyperref Info: Backreferencing OFF on input line 4212.
Package hyperref Info: Implicit mode ON; LaTeX internals redefined.
Package hyperref Info: Bookmarks ON on input line 4445.
\c@Hy@tempcnt=\count285

(/opt/gentoo/usr/share/texmf-dist/tex/latex/url/url.sty
\Urlmuskip=\muskip17
Package: url 2013/09/16  ver 3.4  Verb mode for urls, etc.
)
LaTeX Info: Redefining \url on input line 4804.
\XeTeXLinkMargin=\dimen175

(/opt/gentoo/usr/share/texmf-dist/tex/generic/bitset/bitset.sty
Package: bitset 2019/12/09 v1.3 Handle bit-vector datatype (HO)

(/opt/gentoo/usr/share/texmf-dist/tex/generic/bigintcalc/bigintcalc.sty
Package: bigintcalc 2019/12/15 v1.5 Expandable calculations on big integers (HO
)
))
\Fld@menulength=\count286
\Field@Width=\dimen176
\Fld@charsize=\dimen177
Package hyperref Info: Hyper figures OFF on input line 6075.
Package hyperref Info: Link nesting OFF on input line 6080.
Package hyperref Info: Hyper index ON on input line 6083.
Package hyperref Info: backreferencing OFF on input line 6090.
Package hyperref Info: Link coloring OFF on input line 6095.
Package hyperref Info: Link coloring with OCG OFF on input line 6100.
Package hyperref Info: PDF/A mode OFF on input line 6105.
LaTeX Info: Redefining \ref on input line 6145.
LaTeX Info: Redefining \pageref on input line 6149.

(/opt/gentoo/usr/share/texmf-dist/tex/latex/base/atbegshi-ltx.sty
Package: atbegshi-ltx 2020/08/17 v1.0a Emulation of the original atbegshi packa
ge
with kernel methods
)
\Hy@abspage=\count287
\c@Item=\count288
\c@Hfootnote=\count289
)
Package hyperref Info: Driver (autodetected): hpdftex.

(/opt/gentoo/usr/share/texmf-dist/tex/latex/hyperref/hpdftex.def
File: hpdftex.def 2021-02-27 v7.00k Hyperref driver for pdfTeX

(/opt/gentoo/usr/share/texmf-dist/tex/latex/base/atveryend-ltx.sty
Package: atveryend-ltx 2020/08/19 v1.0a Emulation of the original atvery packag
e
with kernel methods
)
\Fld@listcount=\count290
\c@bookmark@seq@number=\count291

(/opt/gentoo/usr/share/texmf-dist/tex/latex/rerunfilecheck/rerunfilecheck.sty
Package: rerunfilecheck 2019/12/05 v1.9 Rerun checks for auxiliary files (HO)

(/opt/gentoo/usr/share/texmf-dist/tex/generic/uniquecounter/uniquecounter.sty
Package: uniquecounter 2019/12/15 v1.4 Provide unlimited unique counter (HO)
)
Package uniquecounter Info: New unique counter `rerunfilecheck' on input line 2
86.
)
\Hy@SectionHShift=\skip52
) (/opt/gentoo/usr/share/texmf-dist/tex/latex/iitem/iitem.sty
Package: iitem 2013/03/31 v1.0 Go a step deeper in lists using the new commands
 ``iitem'', ``iiitem'' and ``ivtem''.
\c@iitemcounter=\count292
\c@iiitemcounter=\count293
\c@ivtemcounter=\count294
) (./format.tex
(/opt/gentoo/usr/share/texmf-dist/tex/latex/listings/lstlang1.sty
File: lstlang1.sty 2020/03/24 1.8d listings language file
))
(/opt/gentoo/usr/share/texmf-dist/tex/latex/l3backend/l3backend-pdftex.def
File: l3backend-pdftex.def 2021-03-18 L3 backend support: PDF output (pdfTeX)
\l__color_backend_stack_int=\count295
\l__pdf_internal_box=\box53
)
(./main.aux)
\openout1 = `main.aux'.

LaTeX Font Info:    Checking defaults for OML/cmm/m/it on input line 24.
LaTeX Font Info:    ... okay on input line 24.
LaTeX Font Info:    Checking defaults for OMS/cmsy/m/n on input line 24.
LaTeX Font Info:    ... okay on input line 24.
LaTeX Font Info:    Checking defaults for OT1/cmr/m/n on input line 24.
LaTeX Font Info:    ... okay on input line 24.
LaTeX Font Info:    Checking defaults for T1/cmr/m/n on input line 24.
LaTeX Font Info:    ... okay on input line 24.
LaTeX Font Info:    Checking defaults for TS1/cmr/m/n on input line 24.
LaTeX Font Info:    ... okay on input line 24.
LaTeX Font Info:    Checking defaults for OMX/cmex/m/n on input line 24.
LaTeX Font Info:    ... okay on input line 24.
LaTeX Font Info:    Checking defaults for U/cmr/m/n on input line 24.
LaTeX Font Info:    ... okay on input line 24.
LaTeX Font Info:    Checking defaults for PD1/pdf/m/n on input line 24.
LaTeX Font Info:    ... okay on input line 24.
LaTeX Font Info:    Checking defaults for PU/pdf/m/n on input line 24.
LaTeX Font Info:    ... okay on input line 24.
\c@lstlisting=\count296

(/opt/gentoo/usr/share/texmf-dist/tex/context/base/mkii/supp-pdf.mkii
[Loading MPS to PDF converter (version 2006.09.02).]
\scratchcounter=\count297
\scratchdimen=\dimen178
\scratchbox=\box54
\nofMPsegments=\count298
\nofMParguments=\count299
\everyMPshowfont=\toks27
\MPscratchCnt=\count300
\MPscratchDim=\dimen179
\MPnumerator=\count301
\makeMPintoPDFobject=\count302
\everyMPtoPDFconversion=\toks28
) (/opt/gentoo/usr/share/texmf-dist/tex/latex/epstopdf-pkg/epstopdf-base.sty
Package: epstopdf-base 2020-01-24 v2.11 Base part for package epstopdf
Package epstopdf-base Info: Redefining graphics rule for `.eps' on input line 4
85.

(/opt/gentoo/usr/share/texmf-dist/tex/latex/latexconfig/epstopdf-sys.cfg
File: epstopdf-sys.cfg 2010/07/13 v1.3 Configuration of (r)epstopdf for TeX Liv
e
))
Package caption Info: Begin \AtBeginDocument code.
Package caption Info: hyperref package is loaded.
Package caption Info: End \AtBeginDocument code.
Package hyperref Info: Link coloring OFF on input line 24.

(/opt/gentoo/usr/share/texmf-dist/tex/latex/hyperref/nameref.sty
Package: nameref 2021-04-02 v2.47 Cross-referencing by name of section

(/opt/gentoo/usr/share/texmf-dist/tex/latex/refcount/refcount.sty
Package: refcount 2019/12/15 v3.6 Data extraction from label references (HO)
)
(/opt/gentoo/usr/share/texmf-dist/tex/generic/gettitlestring/gettitlestring.sty
Package: gettitlestring 2019/12/15 v1.6 Cleanup title references (HO)
)
\c@section@level=\count303
)
LaTeX Info: Redefining \ref on input line 24.
LaTeX Info: Redefining \pageref on input line 24.
LaTeX Info: Redefining \nameref on input line 24.
 (./main.out) (./main.out)
\@outlinefile=\write3
\openout3 = `main.out'.

LaTeX Font Info:    Trying to load font information for U+msa on input line 28.


(/opt/gentoo/usr/share/texmf-dist/tex/latex/amsfonts/umsa.fd
File: umsa.fd 2013/01/14 v3.01 AMS symbols A
)
LaTeX Font Info:    Trying to load font information for U+msb on input line 28.


(/opt/gentoo/usr/share/texmf-dist/tex/latex/amsfonts/umsb.fd
File: umsb.fd 2013/01/14 v3.01 AMS symbols B
)

LaTeX Warning: No \author given.

(./main.toc)
\tf@toc=\write4
\openout4 = `main.toc'.

 [1

{/opt/gentoo/var/lib/texmf/fonts/map/pdftex/updmap/pdftex.map}]
[2] [3] [4] [5]
LaTeX Font Info:    Trying to load font information for OML+cmr on input line 2
21.
 (/opt/gentoo/usr/share/texmf-dist/tex/latex/base/omlcmr.fd
File: omlcmr.fd 2019/12/16 v2.5j Standard LaTeX font definitions
)
LaTeX Font Info:    Font shape `OML/cmr/m/n' in size <8> not available
(Font)              Font shape `OML/cmm/m/it' tried instead on input line 221.
LaTeX Font Info:    Trying to load font information for OMS+cmr on input line 2
25.

(/opt/gentoo/usr/share/texmf-dist/tex/latex/base/omscmr.fd
File: omscmr.fd 2019/12/16 v2.5j Standard LaTeX font definitions
)
LaTeX Font Info:    Font shape `OMS/cmr/m/n' in size <8> not available
(Font)              Font shape `OMS/cmsy/m/n' tried instead on input line 225.
 [6] [7]
<vs-biasmu-magic.png, id=306, 722.7pt x 216.81pt>
File: vs-biasmu-magic.png Graphic file (type png)
<use vs-biasmu-magic.png>
Package pdftex.def Info: vs-biasmu-magic.png  used on input line 284.
(pdftex.def)             Requested size: 345.0pt x 103.4986pt.
 [8 <./vs-biasmu-magic.png>]
<vs-biasmu-trufit.png, id=339, 722.7pt x 216.81pt>
File: vs-biasmu-trufit.png Graphic file (type png)
<use vs-biasmu-trufit.png>
Package pdftex.def Info: vs-biasmu-trufit.png  used on input line 341.
(pdftex.def)             Requested size: 345.0pt x 103.4986pt.
 [9 <./vs-biasmu-trufit.png>]
<vs-biasmu-truprior.png, id=367, 722.7pt x 216.81pt>
File: vs-biasmu-truprior.png Graphic file (type png)
<use vs-biasmu-truprior.png>
Package pdftex.def Info: vs-biasmu-truprior.png  used on input line 375.
(pdftex.def)             Requested size: 345.0pt x 103.4986pt.
 [10 <./vs-biasmu-truprior.png>]
[11]
<vs-biasmu-bin.png, id=436, 722.7pt x 216.81pt>
File: vs-biasmu-bin.png Graphic file (type png)
<use vs-biasmu-bin.png>
Package pdftex.def Info: vs-biasmu-bin.png  used on input line 431.
(pdftex.def)             Requested size: 345.0pt x 103.4986pt.


Package hyperref Warning: Token not allowed in a PDF string (Unicode):
(hyperref)                removing `math shift' on input line 434.


Package hyperref Warning: Token not allowed in a PDF string (Unicode):
(hyperref)                removing `subscript' on input line 434.


Package hyperref Warning: Token not allowed in a PDF string (Unicode):
(hyperref)                removing `math shift' on input line 434.

[12 <./vs-biasmu-bin.png>]
<onebinbias.png, id=472, 578.16pt x 433.62pt>
File: onebinbias.png Graphic file (type png)
<use onebinbias.png>
Package pdftex.def Info: onebinbias.png  used on input line 472.
(pdftex.def)             Requested size: 172.5pt x 129.37242pt.


Package hyperref Warning: Token not allowed in a PDF string (Unicode):
(hyperref)                removing `math shift' on input line 475.


Package hyperref Warning: Token not allowed in a PDF string (Unicode):
(hyperref)                removing `subscript' on input line 475.


Package hyperref Warning: Token not allowed in a PDF string (Unicode):
(hyperref)                removing `math shift' on input line 475.

[13 <./onebinbias.png>]
<toybias.png, id=504, 578.16pt x 433.62pt>
File: toybias.png Graphic file (type png)
<use toybias.png>
Package pdftex.def Info: toybias.png  used on input line 535.
(pdftex.def)             Requested size: 172.5pt x 129.37242pt.
 [14]

Package hyperref Warning: Token not allowed in a PDF string (Unicode):
(hyperref)                removing `math shift' on input line 538.


Package hyperref Warning: Token not allowed in a PDF string (Unicode):
(hyperref)                removing `subscript' on input line 538.


Package hyperref Warning: Token not allowed in a PDF string (Unicode):
(hyperref)                removing `math shift' on input line 538.

[15 <./toybias.png>]
<ergodic.png, id=583, 578.16pt x 433.62pt>
File: ergodic.png Graphic file (type png)
<use ergodic.png>
Package pdftex.def Info: ergodic.png  used on input line 621.
(pdftex.def)             Requested size: 172.5pt x 129.37242pt.
 [16]
LaTeX Font Info:    Font shape `OT1/cmtt/bx/n' in size <12> not available
(Font)              Font shape `OT1/cmtt/m/n' tried instead on input line 624.


Package hyperref Warning: Token not allowed in a PDF string (Unicode):
(hyperref)                removing `math shift' on input line 624.


Package hyperref Warning: Token not allowed in a PDF string (Unicode):
(hyperref)                removing `\mu' on input line 624.


Package hyperref Warning: Token not allowed in a PDF string (Unicode):
(hyperref)                removing `math shift' on input line 624.

<vs-biasmu-lucyddmtlist.png, id=622, 722.7pt x 216.81pt>
File: vs-biasmu-lucyddmtlist.png Graphic file (type png)
<use vs-biasmu-lucyddmtlist.png>
Package pdftex.def Info: vs-biasmu-lucyddmtlist.png  used on input line 646.
(pdftex.def)             Requested size: 345.0pt x 103.4986pt.

Package hyperref Warning: Token not allowed in a PDF string (Unicode):
(hyperref)                removing `math shift' on input line 649.


Package hyperref Warning: Token not allowed in a PDF string (Unicode):
(hyperref)                removing `\mu' on input line 649.


Package hyperref Warning: Token not allowed in a PDF string (Unicode):
(hyperref)                removing `math shift' on input line 649.

[17 <./ergodic.png> <./vs-biasmu-lucyddmtlist.png>]
<vs-biasmu-lucyddmwave.png, id=641, 722.7pt x 216.81pt>
File: vs-biasmu-lucyddmwave.png Graphic file (type png)
<use vs-biasmu-lucyddmwave.png>
Package pdftex.def Info: vs-biasmu-lucyddmwave.png  used on input line 668.
(pdftex.def)             Requested size: 345.0pt x 103.4986pt.
 [18 <./vs-biasmu-lucyddmwave.png>] [19]
<vs-biasmu-iter.png, id=716, 722.7pt x 216.81pt>
File: vs-biasmu-iter.png Graphic file (type png)
<use vs-biasmu-iter.png>
Package pdftex.def Info: vs-biasmu-iter.png  used on input line 739.
(pdftex.def)             Requested size: 345.0pt x 103.4986pt.
 [20 <./vs-biasmu-iter.png>] [21]
<vs-biasmu-fixtlist.png, id=790, 722.7pt x 216.81pt>
File: vs-biasmu-fixtlist.png Graphic file (type png)
<use vs-biasmu-fixtlist.png>
Package pdftex.def Info: vs-biasmu-fixtlist.png  used on input line 823.
(pdftex.def)             Requested size: 345.0pt x 103.4986pt.
 [22 <./vs-biasmu-fixtlist.png>]
[23] [24]
<vs-biasmu-fixtlistnoprior.png, id=912, 722.7pt x 216.81pt>
File: vs-biasmu-fixtlistnoprior.png Graphic file (type png)
<use vs-biasmu-fixtlistnoprior.png>
Package pdftex.def Info: vs-biasmu-fixtlistnoprior.png  used on input line 974.

(pdftex.def)             Requested size: 345.0pt x 103.4986pt.
 [25 <./vs-biasmu-fixtlistnoprior.png>] [26] [27] [28] [29]
<vs-biasmu-woprior.png, id=1124, 722.7pt x 216.81pt>
File: vs-biasmu-woprior.png Graphic file (type png)
<use vs-biasmu-woprior.png>
Package pdftex.def Info: vs-biasmu-woprior.png  used on input line 1191.
(pdftex.def)             Requested size: 345.0pt x 103.4986pt.
 [30]
<vs-biasmu-lucyprior.png, id=1164, 722.7pt x 216.81pt>
File: vs-biasmu-lucyprior.png Graphic file (type png)
<use vs-biasmu-lucyprior.png>
Package pdftex.def Info: vs-biasmu-lucyprior.png  used on input line 1209.
(pdftex.def)             Requested size: 345.0pt x 103.4986pt.
<vs-biasmu-profileprior.png, id=1165, 722.7pt x 216.81pt>
File: vs-biasmu-profileprior.png Graphic file (type png)
<use vs-biasmu-profileprior.png>
Package pdftex.def Info: vs-biasmu-profileprior.png  used on input line 1227.
(pdftex.def)             Requested size: 345.0pt x 103.4986pt.

[31 <./vs-biasmu-woprior.png> <./vs-biasmu-lucyprior.png>]
Overfull \hbox (9.25925pt too wide) in paragraph at lines 1239--1240
[]\OT1/cmr/m/n/10 Motivation: to show the $\OML/cmm/m/it/10 ^^V$ \OT1/cmr/m/n/1
0 bias when Gaus-sian nor-mal-iza-tion term $\OMS/cmsy/m/n/10 ^^@[] [] [] \OT1/
cmr/bx/n/10 ^^F$
 []

<vs-biasmu-wopriorwospace.png, id=1181, 722.7pt x 216.81pt>
File: vs-biasmu-wopriorwospace.png Graphic file (type png)
<use vs-biasmu-wopriorwospace.png>
Package pdftex.def Info: vs-biasmu-wopriorwospace.png  used on input line 1246.

(pdftex.def)             Requested size: 345.0pt x 103.4986pt.
<vs-biasmu-lucypriorwospace.png, id=1182, 722.7pt x 216.81pt>
File: vs-biasmu-lucypriorwospace.png Graphic file (type png)
<use vs-biasmu-lucypriorwospace.png>
Package pdftex.def Info: vs-biasmu-lucypriorwospace.png  used on input line 126
6.
(pdftex.def)             Requested size: 345.0pt x 103.4986pt.
[32 <./vs-biasmu-profileprior.png> <./vs-biasmu-wopriorwospace.png>]
<vs-biasmu-profilepriorwospace.png, id=1196, 722.7pt x 216.81pt>
File: vs-biasmu-profilepriorwospace.png Graphic file (type png)
<use vs-biasmu-profilepriorwospace.png>
Package pdftex.def Info: vs-biasmu-profilepriorwospace.png  used on input line 
1286.
(pdftex.def)             Requested size: 345.0pt x 103.4986pt.


Package hyperref Warning: Token not allowed in a PDF string (Unicode):
(hyperref)                removing `math shift' on input line 1289.


Package hyperref Warning: Token not allowed in a PDF string (Unicode):
(hyperref)                removing `\mu' on input line 1289.


Package hyperref Warning: Token not allowed in a PDF string (Unicode):
(hyperref)                removing `math shift' on input line 1289.


Package hyperref Warning: Token not allowed in a PDF string (Unicode):
(hyperref)                removing `math shift' on input line 1289.


Package hyperref Warning: Token not allowed in a PDF string (Unicode):
(hyperref)                removing `\alpha' on input line 1289.


Package hyperref Warning: Token not allowed in a PDF string (Unicode):
(hyperref)                removing `math shift' on input line 1289.

[33 <./vs-biasmu-lucypriorwospace.png> <./vs-biasmu-profilepriorwospace.png>]
[34]
<vs-biasmu-alpha.png, id=1259, 722.7pt x 216.81pt>
File: vs-biasmu-alpha.png Graphic file (type png)
<use vs-biasmu-alpha.png>
Package pdftex.def Info: vs-biasmu-alpha.png  used on input line 1358.
(pdftex.def)             Requested size: 345.0pt x 103.4986pt.
<vs-deltamethodsdivmu-alpha.png, id=1260, 722.7pt x 216.81pt>
File: vs-deltamethodsdivmu-alpha.png Graphic file (type png)
<use vs-deltamethodsdivmu-alpha.png>
Package pdftex.def Info: vs-deltamethodsdivmu-alpha.png  used on input line 136
2.
(pdftex.def)             Requested size: 345.0pt x 103.4986pt.
 [35 <./vs-biasmu-alpha.png> <./vs-deltamethodsdivmu-alpha.png>] [36]
[37] (./main.aux)
Package rerunfilecheck Info: File `main.out' has not changed.
(rerunfilecheck)             Checksum: FC953324966F49695CEBB19992B3E218;6544.
 ) 
Here is how much of TeX's memory you used:
 14154 strings out of 480943
 207127 string characters out of 5906719
 1333837 words of memory out of 5000000
 30171 multiletter control sequences out of 15000+600000
 420085 words of font info for 88 fonts, out of 8000000 for 9000
 14 hyphenation exceptions out of 8191
 71i,20n,74p,453b,2045s stack positions out of 5000i,500n,10000p,200000b,80000s
{/opt/gentoo/usr/share/texmf-dist/fonts/enc/dvips/cm-super/cm-super-ts1.enc}<
/opt/gentoo/usr/share/texmf-dist/fonts/type1/public/amsfonts/cm/cmbx10.pfb></op
t/gentoo/usr/share/texmf-dist/fonts/type1/public/amsfonts/cm/cmbx12.pfb></opt/g
entoo/usr/share/texmf-dist/fonts/type1/public/amsfonts/cm/cmbxti10.pfb></opt/ge
ntoo/usr/share/texmf-dist/fonts/type1/public/amsfonts/cm/cmex10.pfb></opt/gento
o/usr/share/texmf-dist/fonts/type1/public/amsfonts/cmextra/cmex7.pfb></opt/gent
oo/usr/share/texmf-dist/fonts/type1/public/amsfonts/cm/cmmi10.pfb></opt/gentoo/
usr/share/texmf-dist/fonts/type1/public/amsfonts/cm/cmmi12.pfb></opt/gentoo/usr
/share/texmf-dist/fonts/type1/public/amsfonts/cm/cmmi5.pfb></opt/gentoo/usr/sha
re/texmf-dist/fonts/type1/public/amsfonts/cm/cmmi7.pfb></opt/gentoo/usr/share/t
exmf-dist/fonts/type1/public/amsfonts/cm/cmmi8.pfb></opt/gentoo/usr/share/texmf
-dist/fonts/type1/public/amsfonts/cm/cmmib10.pfb></opt/gentoo/usr/share/texmf-d
ist/fonts/type1/public/amsfonts/cmextra/cmmib5.pfb></opt/gentoo/usr/share/texmf
-dist/fonts/type1/public/amsfonts/cmextra/cmmib7.pfb></opt/gentoo/usr/share/tex
mf-dist/fonts/type1/public/amsfonts/cm/cmr10.pfb></opt/gentoo/usr/share/texmf-d
ist/fonts/type1/public/amsfonts/cm/cmr17.pfb></opt/gentoo/usr/share/texmf-dist/
fonts/type1/public/amsfonts/cm/cmr5.pfb></opt/gentoo/usr/share/texmf-dist/fonts
/type1/public/amsfonts/cm/cmr7.pfb></opt/gentoo/usr/share/texmf-dist/fonts/type
1/public/amsfonts/cm/cmr8.pfb></opt/gentoo/usr/share/texmf-dist/fonts/type1/pub
lic/amsfonts/cm/cmsy10.pfb></opt/gentoo/usr/share/texmf-dist/fonts/type1/public
/amsfonts/cm/cmsy5.pfb></opt/gentoo/usr/share/texmf-dist/fonts/type1/public/ams
fonts/cm/cmsy7.pfb></opt/gentoo/usr/share/texmf-dist/fonts/type1/public/amsfont
s/cm/cmsy8.pfb></opt/gentoo/usr/share/texmf-dist/fonts/type1/public/amsfonts/cm
/cmti10.pfb></opt/gentoo/usr/share/texmf-dist/fonts/type1/public/amsfonts/cm/cm
tt10.pfb></opt/gentoo/usr/share/texmf-dist/fonts/type1/public/amsfonts/cm/cmtt1
2.pfb></opt/gentoo/usr/share/texmf-dist/fonts/type1/public/amsfonts/symbols/msa
m7.pfb></opt/gentoo/usr/share/texmf-dist/fonts/type1/public/cm-super/sfrm0800.p
fb></opt/gentoo/usr/share/texmf-dist/fonts/type1/public/cm-super/sfrm1000.pfb>
Output written on main.pdf (37 pages, 873223 bytes).
PDF statistics:
 1605 PDF objects out of 1728 (max. 8388607)
 1499 compressed objects within 15 object streams
 1004 named destinations out of 1200 (max. 500000)
 333 words of extra memory for PDF output out of 10000 (max. 10000000)

