\BOOKMARK [1][-]{section.1}{\376\377\000O\000r\000i\000g\000i\000n\000\040\000o\000f\000\040\000F\000B\000M\000P\000'\000s\000\040\000B\000i\000a\000s}{}% 1
\BOOKMARK [2][-]{subsection.1.1}{\376\377\000M\000o\000d\000e\000l}{section.1}% 2
\BOOKMARK [2][-]{subsection.1.2}{\376\377\000A\000p\000p\000r\000o\000x\000i\000m\000a\000t\000i\000o\000n}{section.1}% 3
\BOOKMARK [2][-]{subsection.1.3}{\376\377\000E\000v\000a\000l\000u\000a\000t\000i\000o\000n}{section.1}% 4
\BOOKMARK [3][-]{subsubsection.1.3.1}{\376\377\000D\000e\000l\000t\000a\000\040\000A\000p\000p\000r\000o\000x\000i\000m\000a\000t\000i\000o\000n}{subsection.1.3}% 5
\BOOKMARK [3][-]{subsubsection.1.3.2}{\376\377\000F\000l\000a\000t\000\040\000A\000p\000p\000r\000o\000x\000i\000m\000a\000t\000i\000o\000n}{subsection.1.3}% 6
\BOOKMARK [2][-]{subsection.1.4}{\376\377\000D\000i\000s\000c\000u\000s\000s\000i\000o\000n}{section.1}% 7
\BOOKMARK [1][-]{section.2}{\376\377\000P\000h\000e\000n\000o\000m\000e\000n\000o\000n}{}% 8
\BOOKMARK [2][-]{subsection.2.1}{\376\377\000P\000-\000F\000B\000M\000P\000\040\000w\000i\000t\000h\000\040\000m\000a\000g\000i\000c\000\040\000t\000i\000m\000e\000\040\000b\000i\000n}{section.2}% 9
\BOOKMARK [2][-]{subsection.2.2}{\376\377\000P\000-\000F\000B\000M\000P\000\040\000o\000n\000l\000y\000\040\000f\000i\000t\000t\000i\000n\000g}{section.2}% 10
\BOOKMARK [2][-]{subsection.2.3}{\376\377\000P\000-\000F\000B\000M\000P\000\040\000w\000i\000t\000h\000\040\000t\000r\000u\000t\000h\000\040\000p\000r\000i\000o\000r}{section.2}% 11
\BOOKMARK [2][-]{subsection.2.4}{\376\377\000P\000-\000F\000B\000M\000P\000\040\000u\000s\000i\000n\000g\000\040\000d\000i\000f\000f\000e\000r\000e\000n\000t\000\040\000b\000i\000n\000\040\000w\000i\000d\000t\000h}{section.2}% 12
\BOOKMARK [2][-]{subsection.2.5}{\376\377\000N\000P\000E\000\040\000e\000s\000t\000i\000m\000a\000t\000i\000o\000n\000\040\000i\000n\000\040\000o\000n\000e\000\040\000b\000i\000n}{section.2}% 13
\BOOKMARK [2][-]{subsection.2.6}{\376\377\000N\000P\000E\000\040\000e\000s\000t\000i\000m\000a\000t\000i\000o\000n\000\040\000b\000a\000s\000e\000d\000\040\000o\000n\000\040\000t\000o\000y\000\040\000s\000i\000m\000u\000l\000a\000t\000i\000o\000n}{section.2}% 14
\BOOKMARK [2][-]{subsection.2.7}{\376\377\000N\000P\000E\000\040\000e\000r\000g\000o\000d\000i\000c\000\040\000e\000s\000t\000i\000m\000a\000t\000i\000o\000n\000\040\000b\000a\000s\000e\000d\000\040\000o\000n\000\040\000t\000o\000y\000\040\000s\000i\000m\000u\000l\000a\000t\000i\000o\000n}{section.2}% 15
\BOOKMARK [2][-]{subsection.2.8}{\376\377\000I\000n\000f\000l\000u\000e\000n\000c\000e\000\040\000o\000f\000\040\000l\000u\000c\000y\000d\000d\000m\000\040\000t\000l\000i\000s\000t\000\040\000i\000n\000i\000t\000i\000a\000l\000i\000z\000a\000t\000i\000o\000n\000\040\000o\000n\000\040\000\040\000b\000i\000a\000s}{section.2}% 16
\BOOKMARK [2][-]{subsection.2.9}{\376\377\000I\000n\000f\000l\000u\000e\000n\000c\000e\000\040\000o\000f\000\040\000l\000u\000c\000y\000d\000d\000m\000\040\000w\000a\000v\000e\000\137\000r\000\040\000i\000n\000i\000t\000i\000a\000l\000i\000z\000a\000t\000i\000o\000n\000\040\000o\000n\000\040\000\040\000b\000i\000a\000s}{section.2}% 17
\BOOKMARK [2][-]{subsection.2.10}{\376\377\000I\000t\000e\000r\000a\000t\000i\000v\000e\000\040\000P\000-\000F\000B\000M\000P}{section.2}% 18
\BOOKMARK [2][-]{subsection.2.11}{\376\377\000W\000a\000v\000e\000f\000o\000r\000m\000\040\000s\000i\000m\000u\000l\000a\000t\000i\000o\000n\000\040\000w\000i\000t\000h\000\040\000f\000i\000x\000e\000d\000\040\000H\000i\000t\000P\000o\000s\000I\000n\000W\000i\000n\000d\000o\000w}{section.2}% 19
\BOOKMARK [2][-]{subsection.2.12}{\376\377\000W\000a\000v\000e\000f\000o\000r\000m\000\040\000s\000i\000m\000u\000l\000a\000t\000i\000o\000n\000\040\000w\000i\000t\000h\000\040\000f\000i\000x\000e\000d\000\040\000H\000i\000t\000P\000o\000s\000I\000n\000W\000i\000n\000d\000o\000w\000,\000\040\000w\000i\000t\000h\000o\000u\000t\000\040\000p\000r\000i\000o\000r}{section.2}% 20
\BOOKMARK [2][-]{subsection.2.13}{\376\377\000P\000-\000F\000B\000M\000P\000\040\000w\000i\000t\000h\000o\000u\000t\000\040\000p\000r\000i\000o\000r\000\040\000a\000n\000d\000\040\000w\000i\000t\000h\000\040\000G\000a\000u\000s\000s\000i\000a\000n\000\040\000n\000o\000r\000m\000a\000l\000i\000z\000a\000t\000i\000o\000n\000\040\000t\000e\000r\000m}{section.2}% 21
\BOOKMARK [2][-]{subsection.2.14}{\376\377\000P\000-\000F\000B\000M\000P\000\040\000w\000i\000t\000h\000\040\000l\000u\000c\000y\000\040\000p\000r\000i\000o\000r\000\040\000a\000n\000d\000\040\000w\000i\000t\000h\000\040\000G\000a\000u\000s\000s\000i\000a\000n}{section.2}% 22
\BOOKMARK [2][-]{subsection.2.15}{\376\377\000P\000-\000F\000B\000M\000P\000\040\000w\000i\000t\000h\000\040\000p\000r\000o\000f\000i\000l\000e\000\040\000p\000r\000i\000o\000r\000\040\000a\000n\000d\000\040\000w\000i\000t\000h\000\040\000G\000a\000u\000s\000s\000i\000a\000n}{section.2}% 23
\BOOKMARK [2][-]{subsection.2.16}{\376\377\000P\000-\000F\000B\000M\000P\000\040\000w\000i\000t\000h\000o\000u\000t\000\040\000p\000r\000i\000o\000r\000\040\000a\000n\000d\000\040\000w\000i\000t\000h\000o\000u\000t\000\040\000G\000a\000u\000s\000s\000i\000a\000n\000\040\000n\000o\000r\000m\000a\000l\000i\000z\000a\000t\000i\000o\000n\000\040\000t\000e\000r\000m}{section.2}% 24
\BOOKMARK [2][-]{subsection.2.17}{\376\377\000P\000-\000F\000B\000M\000P\000\040\000w\000i\000t\000h\000\040\000l\000u\000c\000y\000\040\000p\000r\000i\000o\000r\000\040\000a\000n\000d\000\040\000w\000i\000t\000h\000o\000u\000t\000\040\000G\000a\000u\000s\000s\000i\000a\000n\000\040\000n\000o\000r\000m\000a\000l\000i\000z\000a\000t\000i\000o\000n\000\040\000t\000e\000r\000m}{section.2}% 25
\BOOKMARK [2][-]{subsection.2.18}{\376\377\000P\000-\000F\000B\000M\000P\000\040\000w\000i\000t\000h\000\040\000p\000r\000o\000f\000i\000l\000e\000\040\000p\000r\000i\000o\000r\000\040\000a\000n\000d\000\040\000w\000i\000t\000h\000o\000u\000t\000\040\000G\000a\000u\000s\000s\000i\000a\000n\000\040\000n\000o\000r\000m\000a\000l\000i\000z\000a\000t\000i\000o\000n\000\040\000t\000e\000r\000m}{section.2}% 26
\BOOKMARK [2][-]{subsection.2.19}{\376\377\000P\000-\000F\000B\000M\000P\000\040\000\040\000e\000s\000t\000i\000m\000a\000t\000i\000o\000n\000\040\000w\000i\000t\000h\000\040\000\040\000c\000o\000r\000r\000e\000c\000t\000i\000o\000n}{section.2}% 27
\BOOKMARK [1][-]{section.3}{\376\377\000C\000o\000r\000r\000e\000c\000t\000i\000o\000n}{}% 28
\BOOKMARK [2][-]{subsection.3.1}{\376\377\000E\000L\000B\000O}{section.3}% 29
